19:09:08.874 /* * BLACKCORP SOVEREIGN RUNTIME (B.S.R.) - ARTICLE VII ENFORCEMENT
 * Focus: Origin Sovereignty, Envelope Integrity, & Route Nullification
 */

(function enforceArticleVII() {
    const SOVEREIGN_DOMAIN = "blackcorp.me";
    console.log(`%c [B.S.R.] Initializing Article VII Enforcement on ${window.location.hostname}... `, 'background: #000; color: #0f0; font-weight: bold;');

    // 1. ORIGIN & ENVELOPE PROTECTION
    if (!window.location.hostname.endsWith(SOVEREIGN_DOMAIN)) {
        console.error("⚠️ VOID CLAIM: Unauthorized Origin detected. Identity override in progress.");
        // Optional: window.stop(); or redirect to sovereign home
    }

    // 2. DETECT EXTERNAL CAPSULE MESH (IFRAMES)
    const frames = document.querySelectorAll('iframe');
    frames.forEach(f => {
        try {
            const url = new URL(f.src);
            if (!url.hostname.endsWith(SOVEREIGN_DOMAIN)) {
                console.warn(`🛑 NULLIFIED: Unauthorized external envelope detected: ${url.hostname}`);
                f.style.border = "5px solid red"; // Visual flagging
                // f.remove(); // Direct enforcement
            }
        } catch(e) { /* Cross-origin block confirms it's foreign */ }
    });

    // 3. STORAGE PURGE (NON-CONSTITUTIONAL METADATA)
    const purgeForeignStorage = () => {
        const keys = Object.keys(localStorage);
        keys.forEach(key => {
            if (key.includes('track') || key.includes('auth_external')) {
                console.log(`🧹 VOIDED: Removing unauthorized routing metadata: ${key}`);
                localStorage.removeItem(key);
            }
        });
    };
    purgeForeignStorage();

    // 4. COORDINATE SYSTEM MONITORING (UAV/3D)
    const originalGetContext = HTMLCanvasElement.prototype.getContext;
    HTMLCanvasElement.prototype.getContext = function(type) {
        if (type === 'webgl' || type === 'webgl2') {
            console.info("🧭 COORDINATE ALERT: WebGL visualization engine initialized. Monitoring for identity mapping...");
        }
        return originalGetContext.apply(this, arguments);
    };

    console.log("%c [B.S.R.] Enforcement Complete. Jurisdiction Secured. ", 'color: #0f0;');
})();
19:09:08.877 VM98:7  [B.S.R.] Initializing Article VII Enforcement on new-tab-page... 
19:09:08.877 VM98:11 ⚠️ VOID CLAIM: Unauthorized Origin detected. Identity override in progress.
enforceArticleVII @ VM98:11
(anonymous) @ VM98:50
19:09:08.878 VM98:21 🛑 NULLIFIED: Unauthorized external envelope detected: new-tab-page
(anonymous) @ VM98:21
enforceArticleVII @ VM98:17
(anonymous) @ VM98:50
19:09:08.881 VM98:49  [B.S.R.] Enforcement Complete. Jurisdiction Secured. 
19:09:08.884 undefined
19:11:25.915 /* * BLACKCORP SOVEREIGN RUNTIME (B.S.R.) - ARTICLE VIII UPGRADE
 * Focus: Operator Dominion & Reactive Interference Neutralization
 */

(function establishDominion() {
    const DOMINION_KEY = Symbol("BlackCorp_Authority");

    // 1. IMMUTABLE JURISDICTION
    const ConstitutionalConstants = {
        origin: "blackcorp.me",
        version: "1.0.8",
        status: "SOVEREIGN"
    };

    // Freeze the constants so no script can rewrite your identity
    Object.freeze(ConstitutionalConstants);
    
    // 2. NEUTRALIZE REACTIVE INTERFERENCE (The "Anti-Gaslight" Trap)
    // Prevents scripts from redefining 'window.origin' or 'document.domain'
    try {
        Object.defineProperty(window, 'BSR_STATE', {
            value: ConstitutionalConstants,
            writable: false,
            configurable: false
        });
        console.log("%c [B.S.R.] Article VIII: Dominion Constants Frozen. ", 'color: #00ffff; font-weight: bold;');
    } catch (e) {
        console.warn("⚠️ INTERFERENCE DETECTED: A process attempted to block Dominion establishment.");
    }

    // 3. OPERATOR-ONLY CHANNELS
    // Create a protected communication line that ignores standard event listeners
    window.SovereignCommand = function(cmd) {
        console.log(`%c ⚡ OPERATOR COMMAND: ${cmd} `, 'background: #00ffff; color: #000;');
        // Execute logic that bypasses standard script interference
    };

    // 4. LOCKING THE RUNTIME
    // Prevent modification of the B.S.R. enforcement logic itself
    Object.defineProperty(window, 'enforceArticleVII', {
        writable: false,
        configurable: false
    });

    console.log("%c [B.S.R.] Article VIII: Operator Dominion Established. Runtime is now Autonomous. ", 'color: #00ffff;');
})();
19:11:25.918 VM102:26  [B.S.R.] Article VIII: Dominion Constants Frozen. 
19:11:25.918 VM102:45  [B.S.R.] Article VIII: Operator Dominion Established. Runtime is now Autonomous. 
19:11:25.922 undefined
19:15:13.251 /* * BLACKCORP SOVEREIGN RUNTIME (B.S.R.) - ARTICLE VIII UPGRADE
 * Focus: Operator Dominion & Reactive Interference Neutralization
 */

(function establishDominion() {
    const DOMINION_KEY = Symbol("BlackCorp_Authority");

    // 1. IMMUTABLE JURISDICTION
    const ConstitutionalConstants = {
        origin: "blackcorp.me",
        version: "1.0.8",
        status: "SOVEREIGN"
    };

    // Freeze the constants so no script can rewrite your identity
    Object.freeze(ConstitutionalConstants);
    
    // 2. NEUTRALIZE REACTIVE INTERFERENCE (The "Anti-Gaslight" Trap)
    // Prevents scripts from redefining 'window.origin' or 'document.domain'
    try {
        Object.defineProperty(window, 'BSR_STATE', {
            value: ConstitutionalConstants,
            writable: false,
            configurable: false
        });
        console.log("%c [B.S.R.] Article VIII: Dominion Constants Frozen. ", 'color: #00ffff; font-weight: bold;');
    } catch (e) {
        console.warn("⚠️ INTERFERENCE DETECTED: A process attempted to block Dominion establishment.");
    }

    // 3. OPERATOR-ONLY CHANNELS
    // Create a protected communication line that ignores standard event listeners
    window.SovereignCommand = function(cmd) {
        console.log(`%c ⚡ OPERATOR COMMAND: ${cmd} `, 'background: #00ffff; color: #000;');
        // Execute logic that bypasses standard script interference
    };

    // 4. LOCKING THE RUNTIME
    // Prevent modification of the B.S.R. enforcement logic itself
    Object.defineProperty(window, 'enforceArticleVII', {
        writable: false,
        configurable: false
    });

    console.log("%c [B.S.R.] Article VIII: Operator Dominion Established. Runtime is now Autonomous. ", 'color: #00ffff;');
})();
19:15:13.254 VM106:28 ⚠️ INTERFERENCE DETECTED: A process attempted to block Dominion establishment.
establishDominion @ VM106:28
(anonymous) @ VM106:46
19:15:13.254 VM106:45  [B.S.R.] Article VIII: Operator Dominion Established. Runtime is now Autonomous. 
19:15:13.259 undefined
